<!DOCTYPE html>
<html>
<head>
    <title>Unittest Results</title>
    <meta charset="utf-8">
    <meta name="viewport" content="width=device-width, initial-scale=1.0">
    <link rel="stylesheet" href="https://maxcdn.bootstrapcdn.com/bootstrap/3.3.6/css/bootstrap.min.css" integrity="sha384-1q8mTJOASx8j1Au+a5WDVnPi2lkFfwwEAa8hDDdjZlpLegxhjVME1fgjWPGmkzs7" crossorigin="anonymous">
</head>
<body>
    <div class="container">
        <div class="row">
            <div class="col-xs-12">
                <h2 class="text-capitalize">Unittest Results</h2>
                <p class='attribute'><strong>Start Time: </strong>2024-02-21 14:57:44</p>
                <p class='attribute'><strong>Duration: </strong>99.42 s</p>
                <p class='attribute'><strong>Summary: </strong>Total: 7, Pass: 5, Error: 2</p>
            </div>
        </div>
        <div class="row">
            <div class="col-xs-12 col-sm-10 col-md-10">
                <table class='table table-hover table-responsive'>
                    <thead>
                        <tr>
                            <th>tests.login.TestLogin</th>
                            <th>Status</th>
                            <th></th>
                        </tr>
                    </thead>
                    <tbody>
                        <tr class='success'>
                            <td class="col-xs-10">test_login_1</td>
                            <td class="col-xs-1">
                                <span class="label label-success" style="display:block;width:40px;">Pass</span>
                            </td>
                            <td class="col-xs-1">
                            </td>
                        </tr>
                        <tr class='warning'>
                            <td class="col-xs-10">test_login_2</td>
                            <td class="col-xs-1">
                                <span class="label label-warning" style="display:block;width:40px;">Error</span>
                            </td>
                            <td class="col-xs-1">
                                <button class="btn btn-default btn-xs">View</button>
                            </td>
                        </tr>
                        <tr style="display:none;">
                            <td class="col-xs-9" colspan="3"><p style="color:maroon;">ElementClickInterceptedException: Message: element click intercepted: Element <button type="submit" class="ant-btn css-1jaop65 ant-btn-primary styles_root__B6k6h styles_submit-button___qT9u">...</button> is not clickable at point (299, 520). Other element would receive the click: <div id="globalLoader">...</div>
  (Session info: chrome=121.0.6167.185)
Stacktrace:
	GetHandleVerifier [0x00BAE123+48179]
	(No symbol) [0x00B35D01]
	(No symbol) [0x00A1D72D]
	(No symbol) [0x00A5AF2B]
	(No symbol) [0x00A59637]
	(No symbol) [0x00A5768B]
	(No symbol) [0x00A56826]
	(No symbol) [0x00A4D770]
	(No symbol) [0x00A73C8C]
	(No symbol) [0x00A4D1AE]
	(No symbol) [0x00A73F24]
	(No symbol) [0x00A8AA1E]
	(No symbol) [0x00A73A26]
	(No symbol) [0x00A4B7BC]
	(No symbol) [0x00A4C62D]
	GetHandleVerifier [0x00EC7C33+3299139]
	GetHandleVerifier [0x00F05BF2+3553026]
	GetHandleVerifier [0x00F00BCC+3532508]
	GetHandleVerifier [0x00C4494E+664670]
	(No symbol) [0x00B40AB4]
	(No symbol) [0x00B3BF08]
	(No symbol) [0x00B3C02D]
	(No symbol) [0x00B2DD00]
	BaseThreadInitThunk [0x7510FCC9+25]
	RtlGetAppContainerNamedObjectPath [0x772B7C6E+286]
	RtlGetAppContainerNamedObjectPath [0x772B7C3E+238]
</p><p style="color:maroon;">Traceback (most recent call last):
  File "D:\Muhammad Ihsan\Automation Testing\selenium-unittest-qhse\tests\login.py", line 35, in test_login_2
    loginpage.input_login_with("fcb006","test123")
  File "D:\Muhammad Ihsan\Automation Testing\selenium-unittest-qhse\pageobject\loginpage.py", line 19, in input_login_with
    self.driver.find_element(By.CSS_SELECTOR, "button[type='submit']").click()
  File "C:\Users\ASUS\AppData\Local\Programs\Python\Python312\Lib\site-packages\selenium\webdriver\remote\webelement.py", line 93, in click
    self._execute(Command.CLICK_ELEMENT)
  File "C:\Users\ASUS\AppData\Local\Programs\Python\Python312\Lib\site-packages\selenium\webdriver\remote\webelement.py", line 394, in _execute
    return self._parent.execute(command, params)
           ^^^^^^^^^^^^^^^^^^^^^^^^^^^^^^^^^^^^^
  File "C:\Users\ASUS\AppData\Local\Programs\Python\Python312\Lib\site-packages\selenium\webdriver\remote\webdriver.py", line 347, in execute
    self.error_handler.check_response(response)
  File "C:\Users\ASUS\AppData\Local\Programs\Python\Python312\Lib\site-packages\selenium\webdriver\remote\errorhandler.py", line 229, in check_response
    raise exception_class(message, screen, stacktrace)
selenium.common.exceptions.ElementClickInterceptedException: Message: element click intercepted: Element <button type="submit" class="ant-btn css-1jaop65 ant-btn-primary styles_root__B6k6h styles_submit-button___qT9u">...</button> is not clickable at point (299, 520). Other element would receive the click: <div id="globalLoader">...</div>
  (Session info: chrome=121.0.6167.185)
Stacktrace:
	GetHandleVerifier [0x00BAE123+48179]
	(No symbol) [0x00B35D01]
	(No symbol) [0x00A1D72D]
	(No symbol) [0x00A5AF2B]
	(No symbol) [0x00A59637]
	(No symbol) [0x00A5768B]
	(No symbol) [0x00A56826]
	(No symbol) [0x00A4D770]
	(No symbol) [0x00A73C8C]
	(No symbol) [0x00A4D1AE]
	(No symbol) [0x00A73F24]
	(No symbol) [0x00A8AA1E]
	(No symbol) [0x00A73A26]
	(No symbol) [0x00A4B7BC]
	(No symbol) [0x00A4C62D]
	GetHandleVerifier [0x00EC7C33+3299139]
	GetHandleVerifier [0x00F05BF2+3553026]
	GetHandleVerifier [0x00F00BCC+3532508]
	GetHandleVerifier [0x00C4494E+664670]
	(No symbol) [0x00B40AB4]
	(No symbol) [0x00B3BF08]
	(No symbol) [0x00B3C02D]
	(No symbol) [0x00B2DD00]
	BaseThreadInitThunk [0x7510FCC9+25]
	RtlGetAppContainerNamedObjectPath [0x772B7C6E+286]
	RtlGetAppContainerNamedObjectPath [0x772B7C3E+238]

</p>
                            </td>
                        </tr>
                        <tr class='success'>
                            <td class="col-xs-10">test_login_3</td>
                            <td class="col-xs-1">
                                <span class="label label-success" style="display:block;width:40px;">Pass</span>
                            </td>
                            <td class="col-xs-1">
                            </td>
                        </tr>
                        <tr class='success'>
                            <td class="col-xs-10">test_login_4</td>
                            <td class="col-xs-1">
                                <span class="label label-success" style="display:block;width:40px;">Pass</span>
                            </td>
                            <td class="col-xs-1">
                            </td>
                        </tr>
                        <tr class='warning'>
                            <td class="col-xs-10">test_login_5</td>
                            <td class="col-xs-1">
                                <span class="label label-warning" style="display:block;width:40px;">Error</span>
                            </td>
                            <td class="col-xs-1">
                                <button class="btn btn-default btn-xs">View</button>
                            </td>
                        </tr>
                        <tr style="display:none;">
                            <td class="col-xs-9" colspan="3"><p style="color:maroon;">ElementClickInterceptedException: Message: element click intercepted: Element <button type="submit" class="ant-btn css-1jaop65 ant-btn-primary styles_root__B6k6h styles_submit-button___qT9u">...</button> is not clickable at point (299, 520). Other element would receive the click: <div id="globalLoader">...</div>
  (Session info: chrome=121.0.6167.185)
Stacktrace:
	GetHandleVerifier [0x00BAE123+48179]
	(No symbol) [0x00B35D01]
	(No symbol) [0x00A1D72D]
	(No symbol) [0x00A5AF2B]
	(No symbol) [0x00A59637]
	(No symbol) [0x00A5768B]
	(No symbol) [0x00A56826]
	(No symbol) [0x00A4D770]
	(No symbol) [0x00A73C8C]
	(No symbol) [0x00A4D1AE]
	(No symbol) [0x00A73F24]
	(No symbol) [0x00A8AA1E]
	(No symbol) [0x00A73A26]
	(No symbol) [0x00A4B7BC]
	(No symbol) [0x00A4C62D]
	GetHandleVerifier [0x00EC7C33+3299139]
	GetHandleVerifier [0x00F05BF2+3553026]
	GetHandleVerifier [0x00F00BCC+3532508]
	GetHandleVerifier [0x00C4494E+664670]
	(No symbol) [0x00B40AB4]
	(No symbol) [0x00B3BF08]
	(No symbol) [0x00B3C02D]
	(No symbol) [0x00B2DD00]
	BaseThreadInitThunk [0x7510FCC9+25]
	RtlGetAppContainerNamedObjectPath [0x772B7C6E+286]
	RtlGetAppContainerNamedObjectPath [0x772B7C3E+238]
</p><p style="color:maroon;">Traceback (most recent call last):
  File "D:\Muhammad Ihsan\Automation Testing\selenium-unittest-qhse\tests\login.py", line 62, in test_login_5
    loginpage.input_login_with("12345","test12sd3")
  File "D:\Muhammad Ihsan\Automation Testing\selenium-unittest-qhse\pageobject\loginpage.py", line 19, in input_login_with
    self.driver.find_element(By.CSS_SELECTOR, "button[type='submit']").click()
  File "C:\Users\ASUS\AppData\Local\Programs\Python\Python312\Lib\site-packages\selenium\webdriver\remote\webelement.py", line 93, in click
    self._execute(Command.CLICK_ELEMENT)
  File "C:\Users\ASUS\AppData\Local\Programs\Python\Python312\Lib\site-packages\selenium\webdriver\remote\webelement.py", line 394, in _execute
    return self._parent.execute(command, params)
           ^^^^^^^^^^^^^^^^^^^^^^^^^^^^^^^^^^^^^
  File "C:\Users\ASUS\AppData\Local\Programs\Python\Python312\Lib\site-packages\selenium\webdriver\remote\webdriver.py", line 347, in execute
    self.error_handler.check_response(response)
  File "C:\Users\ASUS\AppData\Local\Programs\Python\Python312\Lib\site-packages\selenium\webdriver\remote\errorhandler.py", line 229, in check_response
    raise exception_class(message, screen, stacktrace)
selenium.common.exceptions.ElementClickInterceptedException: Message: element click intercepted: Element <button type="submit" class="ant-btn css-1jaop65 ant-btn-primary styles_root__B6k6h styles_submit-button___qT9u">...</button> is not clickable at point (299, 520). Other element would receive the click: <div id="globalLoader">...</div>
  (Session info: chrome=121.0.6167.185)
Stacktrace:
	GetHandleVerifier [0x00BAE123+48179]
	(No symbol) [0x00B35D01]
	(No symbol) [0x00A1D72D]
	(No symbol) [0x00A5AF2B]
	(No symbol) [0x00A59637]
	(No symbol) [0x00A5768B]
	(No symbol) [0x00A56826]
	(No symbol) [0x00A4D770]
	(No symbol) [0x00A73C8C]
	(No symbol) [0x00A4D1AE]
	(No symbol) [0x00A73F24]
	(No symbol) [0x00A8AA1E]
	(No symbol) [0x00A73A26]
	(No symbol) [0x00A4B7BC]
	(No symbol) [0x00A4C62D]
	GetHandleVerifier [0x00EC7C33+3299139]
	GetHandleVerifier [0x00F05BF2+3553026]
	GetHandleVerifier [0x00F00BCC+3532508]
	GetHandleVerifier [0x00C4494E+664670]
	(No symbol) [0x00B40AB4]
	(No symbol) [0x00B3BF08]
	(No symbol) [0x00B3C02D]
	(No symbol) [0x00B2DD00]
	BaseThreadInitThunk [0x7510FCC9+25]
	RtlGetAppContainerNamedObjectPath [0x772B7C6E+286]
	RtlGetAppContainerNamedObjectPath [0x772B7C3E+238]

</p>
                            </td>
                        </tr>
                        <tr class='success'>
                            <td class="col-xs-10">test_login_6</td>
                            <td class="col-xs-1">
                                <span class="label label-success" style="display:block;width:40px;">Pass</span>
                            </td>
                            <td class="col-xs-1">
                            </td>
                        </tr>
                        <tr class='success'>
                            <td class="col-xs-10">test_login_7</td>
                            <td class="col-xs-1">
                                <span class="label label-success" style="display:block;width:40px;">Pass</span>
                            </td>
                            <td class="col-xs-1">
                            </td>
                        </tr>
                        <tr>
                            <td colspan="3">
                                Total: 7, Pass: 5, Error: 2 -- Duration: 99.42 s
                            </td>
                        </tr>
                    </tbody>
                </table>
            </div>
        </div>
    </div>
    <script src="https://ajax.googleapis.com/ajax/libs/jquery/2.2.4/jquery.min.js"></script>
    <script type="text/javascript">
        $(document).ready(function(){
            $('td').on('click', '.btn', function(e){
                e.preventDefault();
                e.stopImmediatePropagation();
                var $this = $(this);
                var $nextRow = $this.closest('tr').next('tr');
                $nextRow.slideToggle("fast");
                $this.text(function(i, text){
                    if (text === 'View') {
                        return 'Hide';
                    } else {
                        return 'View';
                    };
                });
            });
        });
    </script>
</body>
</html